[INFO] [2020-05-24 16:55:00][org.springframework.test.context.support.DefaultTestContextBootstrapper]Loaded default TestExecutionListener class names from location [META-INF/spring.factories]: [org.springframework.test.context.web.ServletTestExecutionListener, org.springframework.test.context.support.DependencyInjectionTestExecutionListener, org.springframework.test.context.support.DirtiesContextTestExecutionListener, org.springframework.test.context.transaction.TransactionalTestExecutionListener, org.springframework.test.context.jdbc.SqlScriptsTestExecutionListener]
[INFO] [2020-05-24 16:55:00][org.springframework.test.context.support.DefaultTestContextBootstrapper]Using TestExecutionListeners: [org.springframework.test.context.web.ServletTestExecutionListener@3a03464, org.springframework.test.context.support.DependencyInjectionTestExecutionListener@2d3fcdbd, org.springframework.test.context.support.DirtiesContextTestExecutionListener@617c74e5, org.springframework.test.context.transaction.TransactionalTestExecutionListener@6537cf78, org.springframework.test.context.jdbc.SqlScriptsTestExecutionListener@67b6d4ae]
[INFO] [2020-05-24 16:55:00][org.springframework.beans.factory.xml.XmlBeanDefinitionReader]Loading XML bean definitions from class path resource [spring-mybatis.xml]
[INFO] [2020-05-24 16:55:00][org.springframework.context.support.GenericApplicationContext]Refreshing org.springframework.context.support.GenericApplicationContext@59fa1d9b: startup date [Sun May 24 16:55:00 CST 2020]; root of context hierarchy
[INFO] [2020-05-24 16:55:00][org.springframework.beans.factory.config.PropertyPlaceholderConfigurer]Loading properties file from class path resource [jdbc.properties]
[WARN] [2020-05-24 16:55:00][com.alibaba.druid.pool.vendor.MySqlValidConnectionChecker]Cannot resolve com.mysq.jdbc.Connection.ping method.  Will use 'SELECT 1' instead.
java.lang.NullPointerException
	at com.alibaba.druid.pool.vendor.MySqlValidConnectionChecker.<init>(MySqlValidConnectionChecker.java:50)
	at com.alibaba.druid.pool.DruidDataSource.initValidConnectionChecker(DruidDataSource.java:944)
	at com.alibaba.druid.pool.DruidDataSource.init(DruidDataSource.java:659)
	at com.alibaba.druid.pool.DruidDataSource.getConnection(DruidDataSource.java:986)
	at com.alibaba.druid.pool.DruidDataSource.getConnection(DruidDataSource.java:982)
	at com.alibaba.druid.pool.DruidDataSource.getConnection(DruidDataSource.java:102)
	at org.springframework.jdbc.datasource.DataSourceUtils.doGetConnection(DataSourceUtils.java:111)
	at org.springframework.jdbc.datasource.DataSourceUtils.getConnection(DataSourceUtils.java:77)
	at org.mybatis.spring.transaction.SpringManagedTransaction.openConnection(SpringManagedTransaction.java:82)
	at org.mybatis.spring.transaction.SpringManagedTransaction.getConnection(SpringManagedTransaction.java:68)
	at org.apache.ibatis.executor.BaseExecutor.getConnection(BaseExecutor.java:279)
	at org.apache.ibatis.executor.SimpleExecutor.prepareStatement(SimpleExecutor.java:69)
	at org.apache.ibatis.executor.SimpleExecutor.doQuery(SimpleExecutor.java:56)
	at org.apache.ibatis.executor.BaseExecutor.queryFromDatabase(BaseExecutor.java:267)
	at org.apache.ibatis.executor.BaseExecutor.query(BaseExecutor.java:141)
	at org.apache.ibatis.executor.CachingExecutor.query(CachingExecutor.java:105)
	at org.apache.ibatis.executor.CachingExecutor.query(CachingExecutor.java:81)
	at org.apache.ibatis.session.defaults.DefaultSqlSession.selectList(DefaultSqlSession.java:101)
	at org.apache.ibatis.session.defaults.DefaultSqlSession.selectList(DefaultSqlSession.java:95)
	at sun.reflect.NativeMethodAccessorImpl.invoke0(Native Method)
	at sun.reflect.NativeMethodAccessorImpl.invoke(Unknown Source)
	at sun.reflect.DelegatingMethodAccessorImpl.invoke(Unknown Source)
	at java.lang.reflect.Method.invoke(Unknown Source)
	at org.mybatis.spring.SqlSessionTemplate$SqlSessionInterceptor.invoke(SqlSessionTemplate.java:386)
	at com.sun.proxy.$Proxy14.selectList(Unknown Source)
	at org.mybatis.spring.SqlSessionTemplate.selectList(SqlSessionTemplate.java:205)
	at org.apache.ibatis.binding.MapperMethod.executeForMany(MapperMethod.java:124)
	at org.apache.ibatis.binding.MapperMethod.execute(MapperMethod.java:90)
	at org.apache.ibatis.binding.MapperProxy.invoke(MapperProxy.java:40)
	at com.sun.proxy.$Proxy15.queryByUserId(Unknown Source)
	at com.ybf.apitest.test.TestMybatis.testProjectList(TestMybatis.java:30)
	at sun.reflect.NativeMethodAccessorImpl.invoke0(Native Method)
	at sun.reflect.NativeMethodAccessorImpl.invoke(Unknown Source)
	at sun.reflect.DelegatingMethodAccessorImpl.invoke(Unknown Source)
	at java.lang.reflect.Method.invoke(Unknown Source)
	at org.junit.runners.model.FrameworkMethod$1.runReflectiveCall(FrameworkMethod.java:50)
	at org.junit.internal.runners.model.ReflectiveCallable.run(ReflectiveCallable.java:12)
	at org.junit.runners.model.FrameworkMethod.invokeExplosively(FrameworkMethod.java:47)
	at org.junit.internal.runners.statements.InvokeMethod.evaluate(InvokeMethod.java:17)
	at org.springframework.test.context.junit4.statements.RunBeforeTestMethodCallbacks.evaluate(RunBeforeTestMethodCallbacks.java:73)
	at org.springframework.test.context.junit4.statements.RunAfterTestMethodCallbacks.evaluate(RunAfterTestMethodCallbacks.java:82)
	at org.springframework.test.context.junit4.statements.SpringRepeat.evaluate(SpringRepeat.java:73)
	at org.junit.runners.ParentRunner.runLeaf(ParentRunner.java:325)
	at org.springframework.test.context.junit4.SpringJUnit4ClassRunner.runChild(SpringJUnit4ClassRunner.java:217)
	at org.springframework.test.context.junit4.SpringJUnit4ClassRunner.runChild(SpringJUnit4ClassRunner.java:83)
	at org.junit.runners.ParentRunner$3.run(ParentRunner.java:290)
	at org.junit.runners.ParentRunner$1.schedule(ParentRunner.java:71)
	at org.junit.runners.ParentRunner.runChildren(ParentRunner.java:288)
	at org.junit.runners.ParentRunner.access$000(ParentRunner.java:58)
	at org.junit.runners.ParentRunner$2.evaluate(ParentRunner.java:268)
	at org.springframework.test.context.junit4.statements.RunBeforeTestClassCallbacks.evaluate(RunBeforeTestClassCallbacks.java:61)
	at org.springframework.test.context.junit4.statements.RunAfterTestClassCallbacks.evaluate(RunAfterTestClassCallbacks.java:68)
	at org.junit.runners.ParentRunner.run(ParentRunner.java:363)
	at org.springframework.test.context.junit4.SpringJUnit4ClassRunner.run(SpringJUnit4ClassRunner.java:163)
	at org.eclipse.jdt.internal.junit4.runner.JUnit4TestReference.run(JUnit4TestReference.java:89)
	at org.eclipse.jdt.internal.junit.runner.TestExecution.run(TestExecution.java:41)
	at org.eclipse.jdt.internal.junit.runner.RemoteTestRunner.runTests(RemoteTestRunner.java:541)
	at org.eclipse.jdt.internal.junit.runner.RemoteTestRunner.runTests(RemoteTestRunner.java:763)
	at org.eclipse.jdt.internal.junit.runner.RemoteTestRunner.run(RemoteTestRunner.java:463)
	at org.eclipse.jdt.internal.junit.runner.RemoteTestRunner.main(RemoteTestRunner.java:209)
[INFO] [2020-05-24 16:55:01][com.alibaba.druid.pool.DruidDataSource]{dataSource-1} inited
[INFO] [2020-05-24 16:55:01][org.springframework.beans.factory.xml.XmlBeanDefinitionReader]Loading XML bean definitions from class path resource [org/springframework/jdbc/support/sql-error-codes.xml]
[INFO] [2020-05-24 16:55:01][org.springframework.jdbc.support.SQLErrorCodesFactory]SQLErrorCodes loaded: [DB2, Derby, H2, HSQL, Informix, MS-SQL, MySQL, Oracle, PostgreSQL, Sybase, Hana]
[INFO] [2020-05-24 16:55:01][org.springframework.context.support.GenericApplicationContext]Closing org.springframework.context.support.GenericApplicationContext@59fa1d9b: startup date [Sun May 24 16:55:00 CST 2020]; root of context hierarchy
[INFO] [2020-05-24 16:55:01][com.alibaba.druid.pool.DruidDataSource]{dataSource-1} closed
[INFO] [2020-05-24 16:57:11][org.springframework.test.context.support.DefaultTestContextBootstrapper]Loaded default TestExecutionListener class names from location [META-INF/spring.factories]: [org.springframework.test.context.web.ServletTestExecutionListener, org.springframework.test.context.support.DependencyInjectionTestExecutionListener, org.springframework.test.context.support.DirtiesContextTestExecutionListener, org.springframework.test.context.transaction.TransactionalTestExecutionListener, org.springframework.test.context.jdbc.SqlScriptsTestExecutionListener]
[INFO] [2020-05-24 16:57:11][org.springframework.test.context.support.DefaultTestContextBootstrapper]Using TestExecutionListeners: [org.springframework.test.context.web.ServletTestExecutionListener@3a03464, org.springframework.test.context.support.DependencyInjectionTestExecutionListener@2d3fcdbd, org.springframework.test.context.support.DirtiesContextTestExecutionListener@617c74e5, org.springframework.test.context.transaction.TransactionalTestExecutionListener@6537cf78, org.springframework.test.context.jdbc.SqlScriptsTestExecutionListener@67b6d4ae]
[INFO] [2020-05-24 16:57:11][org.springframework.beans.factory.xml.XmlBeanDefinitionReader]Loading XML bean definitions from class path resource [spring-mybatis.xml]
[INFO] [2020-05-24 16:57:11][org.springframework.context.support.GenericApplicationContext]Refreshing org.springframework.context.support.GenericApplicationContext@59fa1d9b: startup date [Sun May 24 16:57:11 CST 2020]; root of context hierarchy
[INFO] [2020-05-24 16:57:11][org.springframework.beans.factory.config.PropertyPlaceholderConfigurer]Loading properties file from class path resource [jdbc.properties]
[WARN] [2020-05-24 16:57:11][com.alibaba.druid.pool.vendor.MySqlValidConnectionChecker]Cannot resolve com.mysq.jdbc.Connection.ping method.  Will use 'SELECT 1' instead.
java.lang.NullPointerException
	at com.alibaba.druid.pool.vendor.MySqlValidConnectionChecker.<init>(MySqlValidConnectionChecker.java:50)
	at com.alibaba.druid.pool.DruidDataSource.initValidConnectionChecker(DruidDataSource.java:944)
	at com.alibaba.druid.pool.DruidDataSource.init(DruidDataSource.java:659)
	at com.alibaba.druid.pool.DruidDataSource.getConnection(DruidDataSource.java:986)
	at com.alibaba.druid.pool.DruidDataSource.getConnection(DruidDataSource.java:982)
	at com.alibaba.druid.pool.DruidDataSource.getConnection(DruidDataSource.java:102)
	at org.springframework.jdbc.datasource.DataSourceUtils.doGetConnection(DataSourceUtils.java:111)
	at org.springframework.jdbc.datasource.DataSourceUtils.getConnection(DataSourceUtils.java:77)
	at org.mybatis.spring.transaction.SpringManagedTransaction.openConnection(SpringManagedTransaction.java:82)
	at org.mybatis.spring.transaction.SpringManagedTransaction.getConnection(SpringManagedTransaction.java:68)
	at org.apache.ibatis.executor.BaseExecutor.getConnection(BaseExecutor.java:279)
	at org.apache.ibatis.executor.SimpleExecutor.prepareStatement(SimpleExecutor.java:69)
	at org.apache.ibatis.executor.SimpleExecutor.doQuery(SimpleExecutor.java:56)
	at org.apache.ibatis.executor.BaseExecutor.queryFromDatabase(BaseExecutor.java:267)
	at org.apache.ibatis.executor.BaseExecutor.query(BaseExecutor.java:141)
	at org.apache.ibatis.executor.CachingExecutor.query(CachingExecutor.java:105)
	at org.apache.ibatis.executor.CachingExecutor.query(CachingExecutor.java:81)
	at org.apache.ibatis.session.defaults.DefaultSqlSession.selectList(DefaultSqlSession.java:101)
	at org.apache.ibatis.session.defaults.DefaultSqlSession.selectList(DefaultSqlSession.java:95)
	at sun.reflect.NativeMethodAccessorImpl.invoke0(Native Method)
	at sun.reflect.NativeMethodAccessorImpl.invoke(Unknown Source)
	at sun.reflect.DelegatingMethodAccessorImpl.invoke(Unknown Source)
	at java.lang.reflect.Method.invoke(Unknown Source)
	at org.mybatis.spring.SqlSessionTemplate$SqlSessionInterceptor.invoke(SqlSessionTemplate.java:386)
	at com.sun.proxy.$Proxy14.selectList(Unknown Source)
	at org.mybatis.spring.SqlSessionTemplate.selectList(SqlSessionTemplate.java:205)
	at org.apache.ibatis.binding.MapperMethod.executeForMany(MapperMethod.java:124)
	at org.apache.ibatis.binding.MapperMethod.execute(MapperMethod.java:90)
	at org.apache.ibatis.binding.MapperProxy.invoke(MapperProxy.java:40)
	at com.sun.proxy.$Proxy15.queryByUserId(Unknown Source)
	at com.ybf.apitest.test.TestMybatis.testProjectList(TestMybatis.java:30)
	at sun.reflect.NativeMethodAccessorImpl.invoke0(Native Method)
	at sun.reflect.NativeMethodAccessorImpl.invoke(Unknown Source)
	at sun.reflect.DelegatingMethodAccessorImpl.invoke(Unknown Source)
	at java.lang.reflect.Method.invoke(Unknown Source)
	at org.junit.runners.model.FrameworkMethod$1.runReflectiveCall(FrameworkMethod.java:50)
	at org.junit.internal.runners.model.ReflectiveCallable.run(ReflectiveCallable.java:12)
	at org.junit.runners.model.FrameworkMethod.invokeExplosively(FrameworkMethod.java:47)
	at org.junit.internal.runners.statements.InvokeMethod.evaluate(InvokeMethod.java:17)
	at org.springframework.test.context.junit4.statements.RunBeforeTestMethodCallbacks.evaluate(RunBeforeTestMethodCallbacks.java:73)
	at org.springframework.test.context.junit4.statements.RunAfterTestMethodCallbacks.evaluate(RunAfterTestMethodCallbacks.java:82)
	at org.springframework.test.context.junit4.statements.SpringRepeat.evaluate(SpringRepeat.java:73)
	at org.junit.runners.ParentRunner.runLeaf(ParentRunner.java:325)
	at org.springframework.test.context.junit4.SpringJUnit4ClassRunner.runChild(SpringJUnit4ClassRunner.java:217)
	at org.springframework.test.context.junit4.SpringJUnit4ClassRunner.runChild(SpringJUnit4ClassRunner.java:83)
	at org.junit.runners.ParentRunner$3.run(ParentRunner.java:290)
	at org.junit.runners.ParentRunner$1.schedule(ParentRunner.java:71)
	at org.junit.runners.ParentRunner.runChildren(ParentRunner.java:288)
	at org.junit.runners.ParentRunner.access$000(ParentRunner.java:58)
	at org.junit.runners.ParentRunner$2.evaluate(ParentRunner.java:268)
	at org.springframework.test.context.junit4.statements.RunBeforeTestClassCallbacks.evaluate(RunBeforeTestClassCallbacks.java:61)
	at org.springframework.test.context.junit4.statements.RunAfterTestClassCallbacks.evaluate(RunAfterTestClassCallbacks.java:68)
	at org.junit.runners.ParentRunner.run(ParentRunner.java:363)
	at org.springframework.test.context.junit4.SpringJUnit4ClassRunner.run(SpringJUnit4ClassRunner.java:163)
	at org.eclipse.jdt.internal.junit4.runner.JUnit4TestReference.run(JUnit4TestReference.java:89)
	at org.eclipse.jdt.internal.junit.runner.TestExecution.run(TestExecution.java:41)
	at org.eclipse.jdt.internal.junit.runner.RemoteTestRunner.runTests(RemoteTestRunner.java:541)
	at org.eclipse.jdt.internal.junit.runner.RemoteTestRunner.runTests(RemoteTestRunner.java:763)
	at org.eclipse.jdt.internal.junit.runner.RemoteTestRunner.run(RemoteTestRunner.java:463)
	at org.eclipse.jdt.internal.junit.runner.RemoteTestRunner.main(RemoteTestRunner.java:209)
[INFO] [2020-05-24 16:57:12][com.alibaba.druid.pool.DruidDataSource]{dataSource-1} inited
[INFO] [2020-05-24 16:57:12][com.ybf.apitest.test.TestMybatis]Project[id=1,name=测试1,createDate=nulluserName=admin]
[INFO] [2020-05-24 16:57:12][com.ybf.apitest.test.TestMybatis]Project[id=4,name=测试4,createDate=nulluserName=admin]
[INFO] [2020-05-24 16:57:12][org.springframework.context.support.GenericApplicationContext]Closing org.springframework.context.support.GenericApplicationContext@59fa1d9b: startup date [Sun May 24 16:57:11 CST 2020]; root of context hierarchy
[INFO] [2020-05-24 16:57:12][com.alibaba.druid.pool.DruidDataSource]{dataSource-1} closed
[INFO] [2020-05-24 16:58:15][org.springframework.test.context.support.DefaultTestContextBootstrapper]Loaded default TestExecutionListener class names from location [META-INF/spring.factories]: [org.springframework.test.context.web.ServletTestExecutionListener, org.springframework.test.context.support.DependencyInjectionTestExecutionListener, org.springframework.test.context.support.DirtiesContextTestExecutionListener, org.springframework.test.context.transaction.TransactionalTestExecutionListener, org.springframework.test.context.jdbc.SqlScriptsTestExecutionListener]
[INFO] [2020-05-24 16:58:15][org.springframework.test.context.support.DefaultTestContextBootstrapper]Using TestExecutionListeners: [org.springframework.test.context.web.ServletTestExecutionListener@3a03464, org.springframework.test.context.support.DependencyInjectionTestExecutionListener@2d3fcdbd, org.springframework.test.context.support.DirtiesContextTestExecutionListener@617c74e5, org.springframework.test.context.transaction.TransactionalTestExecutionListener@6537cf78, org.springframework.test.context.jdbc.SqlScriptsTestExecutionListener@67b6d4ae]
[INFO] [2020-05-24 16:58:15][org.springframework.beans.factory.xml.XmlBeanDefinitionReader]Loading XML bean definitions from class path resource [spring-mybatis.xml]
[INFO] [2020-05-24 16:58:16][org.springframework.context.support.GenericApplicationContext]Refreshing org.springframework.context.support.GenericApplicationContext@59fa1d9b: startup date [Sun May 24 16:58:16 CST 2020]; root of context hierarchy
[INFO] [2020-05-24 16:58:16][org.springframework.beans.factory.config.PropertyPlaceholderConfigurer]Loading properties file from class path resource [jdbc.properties]
[INFO] [2020-05-24 16:58:16][com.alibaba.druid.pool.DruidDataSource]{dataSource-1} inited
[INFO] [2020-05-24 16:58:16][com.ybf.apitest.test.TestMybatis]Project[id=1,name=测试1,createDate=nulluserName=admin]
[INFO] [2020-05-24 16:58:16][com.ybf.apitest.test.TestMybatis]Project[id=4,name=测试4,createDate=nulluserName=admin]
[INFO] [2020-05-24 16:58:16][org.springframework.context.support.GenericApplicationContext]Closing org.springframework.context.support.GenericApplicationContext@59fa1d9b: startup date [Sun May 24 16:58:16 CST 2020]; root of context hierarchy
[INFO] [2020-05-24 16:58:16][com.alibaba.druid.pool.DruidDataSource]{dataSource-1} closed
[INFO] [2020-05-24 16:59:35][org.springframework.test.context.support.DefaultTestContextBootstrapper]Loaded default TestExecutionListener class names from location [META-INF/spring.factories]: [org.springframework.test.context.web.ServletTestExecutionListener, org.springframework.test.context.support.DependencyInjectionTestExecutionListener, org.springframework.test.context.support.DirtiesContextTestExecutionListener, org.springframework.test.context.transaction.TransactionalTestExecutionListener, org.springframework.test.context.jdbc.SqlScriptsTestExecutionListener]
[INFO] [2020-05-24 16:59:35][org.springframework.test.context.support.DefaultTestContextBootstrapper]Using TestExecutionListeners: [org.springframework.test.context.web.ServletTestExecutionListener@3a03464, org.springframework.test.context.support.DependencyInjectionTestExecutionListener@2d3fcdbd, org.springframework.test.context.support.DirtiesContextTestExecutionListener@617c74e5, org.springframework.test.context.transaction.TransactionalTestExecutionListener@6537cf78, org.springframework.test.context.jdbc.SqlScriptsTestExecutionListener@67b6d4ae]
[INFO] [2020-05-24 16:59:35][org.springframework.beans.factory.xml.XmlBeanDefinitionReader]Loading XML bean definitions from class path resource [spring-mybatis.xml]
[INFO] [2020-05-24 16:59:35][org.springframework.context.support.GenericApplicationContext]Refreshing org.springframework.context.support.GenericApplicationContext@59fa1d9b: startup date [Sun May 24 16:59:35 CST 2020]; root of context hierarchy
[INFO] [2020-05-24 16:59:35][org.springframework.beans.factory.config.PropertyPlaceholderConfigurer]Loading properties file from class path resource [jdbc.properties]
[INFO] [2020-05-24 16:59:36][com.alibaba.druid.pool.DruidDataSource]{dataSource-1} inited
[INFO] [2020-05-24 16:59:36][com.ybf.apitest.test.TestMybatis]Project[id=1,name=测试1,createDate=nulluserName=admin]
[INFO] [2020-05-24 16:59:36][com.ybf.apitest.test.TestMybatis]Project[id=4,name=测试4,createDate=nulluserName=admin]
[INFO] [2020-05-24 16:59:36][com.ybf.apitest.test.TestMybatis]User[id=1,username=adminpassword666666]
[INFO] [2020-05-24 16:59:36][org.springframework.context.support.GenericApplicationContext]Closing org.springframework.context.support.GenericApplicationContext@59fa1d9b: startup date [Sun May 24 16:59:35 CST 2020]; root of context hierarchy
[INFO] [2020-05-24 16:59:36][com.alibaba.druid.pool.DruidDataSource]{dataSource-1} closed
[INFO] [2020-05-24 17:04:52][org.springframework.test.context.support.DefaultTestContextBootstrapper]Loaded default TestExecutionListener class names from location [META-INF/spring.factories]: [org.springframework.test.context.web.ServletTestExecutionListener, org.springframework.test.context.support.DependencyInjectionTestExecutionListener, org.springframework.test.context.support.DirtiesContextTestExecutionListener, org.springframework.test.context.transaction.TransactionalTestExecutionListener, org.springframework.test.context.jdbc.SqlScriptsTestExecutionListener]
[INFO] [2020-05-24 17:04:52][org.springframework.test.context.support.DefaultTestContextBootstrapper]Using TestExecutionListeners: [org.springframework.test.context.web.ServletTestExecutionListener@4909b8da, org.springframework.test.context.support.DependencyInjectionTestExecutionListener@3a03464, org.springframework.test.context.support.DirtiesContextTestExecutionListener@2d3fcdbd, org.springframework.test.context.transaction.TransactionalTestExecutionListener@617c74e5, org.springframework.test.context.jdbc.SqlScriptsTestExecutionListener@6537cf78]
[INFO] [2020-05-24 17:04:53][org.springframework.beans.factory.xml.XmlBeanDefinitionReader]Loading XML bean definitions from class path resource [spring-mybatis.xml]
[INFO] [2020-05-24 17:04:53][org.springframework.context.support.GenericApplicationContext]Refreshing org.springframework.context.support.GenericApplicationContext@d8355a8: startup date [Sun May 24 17:04:53 CST 2020]; root of context hierarchy
[INFO] [2020-05-24 17:04:53][org.springframework.beans.factory.config.PropertyPlaceholderConfigurer]Loading properties file from class path resource [jdbc.properties]
[INFO] [2020-05-24 17:04:53][com.alibaba.druid.pool.DruidDataSource]{dataSource-1} inited
[INFO] [2020-05-24 17:04:53][com.ybf.apitest.test.TestService]User[id=1,username=admin,password666666]
[INFO] [2020-05-24 17:04:53][org.springframework.context.support.GenericApplicationContext]Closing org.springframework.context.support.GenericApplicationContext@d8355a8: startup date [Sun May 24 17:04:53 CST 2020]; root of context hierarchy
[INFO] [2020-05-24 17:04:53][com.alibaba.druid.pool.DruidDataSource]{dataSource-1} closed
[INFO] [2020-05-24 21:46:31][org.springframework.test.context.support.DefaultTestContextBootstrapper]Loaded default TestExecutionListener class names from location [META-INF/spring.factories]: [org.springframework.test.context.web.ServletTestExecutionListener, org.springframework.test.context.support.DependencyInjectionTestExecutionListener, org.springframework.test.context.support.DirtiesContextTestExecutionListener, org.springframework.test.context.transaction.TransactionalTestExecutionListener, org.springframework.test.context.jdbc.SqlScriptsTestExecutionListener]
[INFO] [2020-05-24 21:46:32][org.springframework.test.context.support.DefaultTestContextBootstrapper]Using TestExecutionListeners: [org.springframework.test.context.web.ServletTestExecutionListener@4909b8da, org.springframework.test.context.support.DependencyInjectionTestExecutionListener@3a03464, org.springframework.test.context.support.DirtiesContextTestExecutionListener@2d3fcdbd, org.springframework.test.context.transaction.TransactionalTestExecutionListener@617c74e5, org.springframework.test.context.jdbc.SqlScriptsTestExecutionListener@6537cf78]
[INFO] [2020-05-24 21:46:32][org.springframework.beans.factory.xml.XmlBeanDefinitionReader]Loading XML bean definitions from class path resource [spring-mybatis.xml]
[INFO] [2020-05-24 21:46:32][org.springframework.context.support.GenericApplicationContext]Refreshing org.springframework.context.support.GenericApplicationContext@d8355a8: startup date [Sun May 24 21:46:32 CST 2020]; root of context hierarchy
[INFO] [2020-05-24 21:46:32][org.springframework.beans.factory.config.PropertyPlaceholderConfigurer]Loading properties file from class path resource [jdbc.properties]
[INFO] [2020-05-24 21:46:33][com.alibaba.druid.pool.DruidDataSource]{dataSource-1} inited
[INFO] [2020-05-24 21:46:33][org.springframework.context.support.GenericApplicationContext]Closing org.springframework.context.support.GenericApplicationContext@d8355a8: startup date [Sun May 24 21:46:32 CST 2020]; root of context hierarchy
[INFO] [2020-05-24 21:46:33][com.alibaba.druid.pool.DruidDataSource]{dataSource-1} closed
[INFO] [2020-05-24 21:49:01][org.springframework.test.context.support.DefaultTestContextBootstrapper]Loaded default TestExecutionListener class names from location [META-INF/spring.factories]: [org.springframework.test.context.web.ServletTestExecutionListener, org.springframework.test.context.support.DependencyInjectionTestExecutionListener, org.springframework.test.context.support.DirtiesContextTestExecutionListener, org.springframework.test.context.transaction.TransactionalTestExecutionListener, org.springframework.test.context.jdbc.SqlScriptsTestExecutionListener]
[INFO] [2020-05-24 21:49:02][org.springframework.test.context.support.DefaultTestContextBootstrapper]Using TestExecutionListeners: [org.springframework.test.context.web.ServletTestExecutionListener@3a03464, org.springframework.test.context.support.DependencyInjectionTestExecutionListener@2d3fcdbd, org.springframework.test.context.support.DirtiesContextTestExecutionListener@617c74e5, org.springframework.test.context.transaction.TransactionalTestExecutionListener@6537cf78, org.springframework.test.context.jdbc.SqlScriptsTestExecutionListener@67b6d4ae]
[INFO] [2020-05-24 21:49:02][org.springframework.beans.factory.xml.XmlBeanDefinitionReader]Loading XML bean definitions from class path resource [spring-mybatis.xml]
[INFO] [2020-05-24 21:49:02][org.springframework.context.support.GenericApplicationContext]Refreshing org.springframework.context.support.GenericApplicationContext@59fa1d9b: startup date [Sun May 24 21:49:02 CST 2020]; root of context hierarchy
[INFO] [2020-05-24 21:49:02][org.springframework.beans.factory.config.PropertyPlaceholderConfigurer]Loading properties file from class path resource [jdbc.properties]
[INFO] [2020-05-24 21:49:03][com.alibaba.druid.pool.DruidDataSource]{dataSource-1} inited
[INFO] [2020-05-24 21:49:03][com.ybf.apitest.test.TestMybatis]Project[id=1,name=测试1,createDate=nulluserName=admin]
[INFO] [2020-05-24 21:49:03][com.ybf.apitest.test.TestMybatis]Project[id=4,name=测试4,createDate=nulluserName=admin]
[INFO] [2020-05-24 21:49:03][org.springframework.context.support.GenericApplicationContext]Closing org.springframework.context.support.GenericApplicationContext@59fa1d9b: startup date [Sun May 24 21:49:02 CST 2020]; root of context hierarchy
[INFO] [2020-05-24 21:49:03][com.alibaba.druid.pool.DruidDataSource]{dataSource-1} closed
[INFO] [2020-05-24 21:50:43][org.springframework.test.context.support.DefaultTestContextBootstrapper]Loaded default TestExecutionListener class names from location [META-INF/spring.factories]: [org.springframework.test.context.web.ServletTestExecutionListener, org.springframework.test.context.support.DependencyInjectionTestExecutionListener, org.springframework.test.context.support.DirtiesContextTestExecutionListener, org.springframework.test.context.transaction.TransactionalTestExecutionListener, org.springframework.test.context.jdbc.SqlScriptsTestExecutionListener]
[INFO] [2020-05-24 21:50:43][org.springframework.test.context.support.DefaultTestContextBootstrapper]Using TestExecutionListeners: [org.springframework.test.context.web.ServletTestExecutionListener@3a03464, org.springframework.test.context.support.DependencyInjectionTestExecutionListener@2d3fcdbd, org.springframework.test.context.support.DirtiesContextTestExecutionListener@617c74e5, org.springframework.test.context.transaction.TransactionalTestExecutionListener@6537cf78, org.springframework.test.context.jdbc.SqlScriptsTestExecutionListener@67b6d4ae]
[INFO] [2020-05-24 21:50:43][org.springframework.beans.factory.xml.XmlBeanDefinitionReader]Loading XML bean definitions from class path resource [spring-mybatis.xml]
[INFO] [2020-05-24 21:50:43][org.springframework.context.support.GenericApplicationContext]Refreshing org.springframework.context.support.GenericApplicationContext@59fa1d9b: startup date [Sun May 24 21:50:43 CST 2020]; root of context hierarchy
[INFO] [2020-05-24 21:50:44][org.springframework.beans.factory.config.PropertyPlaceholderConfigurer]Loading properties file from class path resource [jdbc.properties]
[INFO] [2020-05-24 21:50:45][com.alibaba.druid.pool.DruidDataSource]{dataSource-1} inited
[INFO] [2020-05-24 21:50:45][com.ybf.apitest.test.TestMybatis]Project[id=1,name=测试1,createDate=nulluserName=admin]
[INFO] [2020-05-24 21:50:45][com.ybf.apitest.test.TestMybatis]Project[id=4,name=测试4,createDate=nulluserName=admin]
[INFO] [2020-05-24 21:50:45][org.springframework.context.support.GenericApplicationContext]Closing org.springframework.context.support.GenericApplicationContext@59fa1d9b: startup date [Sun May 24 21:50:43 CST 2020]; root of context hierarchy
[INFO] [2020-05-24 21:50:45][com.alibaba.druid.pool.DruidDataSource]{dataSource-1} closed
[INFO] [2020-05-24 21:52:22][org.springframework.test.context.support.DefaultTestContextBootstrapper]Loaded default TestExecutionListener class names from location [META-INF/spring.factories]: [org.springframework.test.context.web.ServletTestExecutionListener, org.springframework.test.context.support.DependencyInjectionTestExecutionListener, org.springframework.test.context.support.DirtiesContextTestExecutionListener, org.springframework.test.context.transaction.TransactionalTestExecutionListener, org.springframework.test.context.jdbc.SqlScriptsTestExecutionListener]
[INFO] [2020-05-24 21:52:22][org.springframework.test.context.support.DefaultTestContextBootstrapper]Using TestExecutionListeners: [org.springframework.test.context.web.ServletTestExecutionListener@3a03464, org.springframework.test.context.support.DependencyInjectionTestExecutionListener@2d3fcdbd, org.springframework.test.context.support.DirtiesContextTestExecutionListener@617c74e5, org.springframework.test.context.transaction.TransactionalTestExecutionListener@6537cf78, org.springframework.test.context.jdbc.SqlScriptsTestExecutionListener@67b6d4ae]
[INFO] [2020-05-24 21:52:22][org.springframework.beans.factory.xml.XmlBeanDefinitionReader]Loading XML bean definitions from class path resource [spring-mybatis.xml]
[INFO] [2020-05-24 21:52:22][org.springframework.context.support.GenericApplicationContext]Refreshing org.springframework.context.support.GenericApplicationContext@59fa1d9b: startup date [Sun May 24 21:52:22 CST 2020]; root of context hierarchy
[INFO] [2020-05-24 21:52:22][org.springframework.beans.factory.config.PropertyPlaceholderConfigurer]Loading properties file from class path resource [jdbc.properties]
[INFO] [2020-05-24 21:52:23][com.alibaba.druid.pool.DruidDataSource]{dataSource-1} inited
[INFO] [2020-05-24 21:52:23][com.ybf.apitest.test.TestMybatis]Project[id=1,name=测试1,createDate=nulluserName=admin]
[INFO] [2020-05-24 21:52:23][com.ybf.apitest.test.TestMybatis]Project[id=4,name=测试4,createDate=nulluserName=admin]
[INFO] [2020-05-24 21:52:23][org.springframework.context.support.GenericApplicationContext]Closing org.springframework.context.support.GenericApplicationContext@59fa1d9b: startup date [Sun May 24 21:52:22 CST 2020]; root of context hierarchy
[INFO] [2020-05-24 21:52:23][com.alibaba.druid.pool.DruidDataSource]{dataSource-1} closed
[INFO] [2020-05-24 21:52:34][org.springframework.test.context.support.DefaultTestContextBootstrapper]Loaded default TestExecutionListener class names from location [META-INF/spring.factories]: [org.springframework.test.context.web.ServletTestExecutionListener, org.springframework.test.context.support.DependencyInjectionTestExecutionListener, org.springframework.test.context.support.DirtiesContextTestExecutionListener, org.springframework.test.context.transaction.TransactionalTestExecutionListener, org.springframework.test.context.jdbc.SqlScriptsTestExecutionListener]
[INFO] [2020-05-24 21:52:34][org.springframework.test.context.support.DefaultTestContextBootstrapper]Using TestExecutionListeners: [org.springframework.test.context.web.ServletTestExecutionListener@3a03464, org.springframework.test.context.support.DependencyInjectionTestExecutionListener@2d3fcdbd, org.springframework.test.context.support.DirtiesContextTestExecutionListener@617c74e5, org.springframework.test.context.transaction.TransactionalTestExecutionListener@6537cf78, org.springframework.test.context.jdbc.SqlScriptsTestExecutionListener@67b6d4ae]
[INFO] [2020-05-24 21:52:35][org.springframework.beans.factory.xml.XmlBeanDefinitionReader]Loading XML bean definitions from class path resource [spring-mybatis.xml]
[INFO] [2020-05-24 21:52:35][org.springframework.context.support.GenericApplicationContext]Refreshing org.springframework.context.support.GenericApplicationContext@59fa1d9b: startup date [Sun May 24 21:52:35 CST 2020]; root of context hierarchy
[INFO] [2020-05-24 21:52:35][org.springframework.beans.factory.config.PropertyPlaceholderConfigurer]Loading properties file from class path resource [jdbc.properties]
[INFO] [2020-05-24 21:52:35][com.alibaba.druid.pool.DruidDataSource]{dataSource-1} inited
[INFO] [2020-05-24 21:52:35][com.ybf.apitest.test.TestMybatis]Project[id=1,name=测试1,createDate=nulluserName=admin]
[INFO] [2020-05-24 21:52:35][com.ybf.apitest.test.TestMybatis]Project[id=4,name=测试4,createDate=nulluserName=admin]
[INFO] [2020-05-24 21:52:35][com.ybf.apitest.test.TestMybatis]User[id=1,username=admin,password=666666]
[INFO] [2020-05-24 21:52:35][org.springframework.context.support.GenericApplicationContext]Closing org.springframework.context.support.GenericApplicationContext@59fa1d9b: startup date [Sun May 24 21:52:35 CST 2020]; root of context hierarchy
[INFO] [2020-05-24 21:52:35][com.alibaba.druid.pool.DruidDataSource]{dataSource-1} closed
